<?xml version="1.0" encoding="UTF-8"?>
<!-- Generated by org.testng.reporters.JUnitXMLReporter -->
<testsuite ignored="0" hostname="LTIN447413" failures="0" tests="3" name="Test" time="23.586" errors="0" timestamp="2025-07-30T00:55:48 IST">
  <testcase classname="tests.EMICalculatorTestUI" name="validateEMICalculatorUI" time="6.927"/>
  <testcase classname="tests.EMICalculatorTestUI" name="validateLoanAmountCalculatorUI" time="2.129"/>
  <testcase classname="tests.EMICalculatorTestUI" name="validateLoanTenureCalculatorUI" time="1.458"/>
</testsuite> <!-- Test -->
