<?xml version="1.0" encoding="UTF-8"?>
<testng-results ignored="0" total="5" passed="5" failed="0" skipped="0">
  <reporter-output>
  </reporter-output>
  <suite started-at="2025-07-30T12:20:25 IST" name="EMI Calculator Suite" finished-at="2025-07-30T12:21:40 IST" duration-ms="75152">
    <groups>
    </groups>
    <test started-at="2025-07-30T12:20:25 IST" name="CarLoanTests" finished-at="2025-07-30T12:21:40 IST" duration-ms="75152">
      <class name="tests.BaseTest">
        <test-method is-config="true" signature="setUp()[pri:0, instance:tests.BaseTest@66746f57]" started-at="2025-07-30T12:20:25 IST" name="setUp" finished-at="2025-07-30T12:20:33 IST" duration-ms="8189" status="PASS">
          <reporter-output>
          </reporter-output>
        </test-method> <!-- setUp -->
        <test-method signature="validateCarLoanEMI()[pri:1, instance:tests.BaseTest@66746f57]" started-at="2025-07-30T12:20:33 IST" name="validateCarLoanEMI" finished-at="2025-07-30T12:20:34 IST" duration-ms="885" status="PASS">
          <reporter-output>
          </reporter-output>
        </test-method> <!-- validateCarLoanEMI -->
        <test-method signature="extractEMIDataToExcel()[pri:2, instance:tests.BaseTest@66746f57]" started-at="2025-07-30T12:20:34 IST" name="extractEMIDataToExcel" finished-at="2025-07-30T12:21:29 IST" duration-ms="54522" status="PASS">
          <reporter-output>
          </reporter-output>
        </test-method> <!-- extractEMIDataToExcel -->
        <test-method signature="validateEMICalculatorUI()[pri:3, instance:tests.BaseTest@66746f57]" started-at="2025-07-30T12:21:29 IST" name="validateEMICalculatorUI" finished-at="2025-07-30T12:21:34 IST" duration-ms="5407" status="PASS">
          <reporter-output>
          </reporter-output>
        </test-method> <!-- validateEMICalculatorUI -->
        <test-method signature="validateLoanAmountCalculatorUI()[pri:4, instance:tests.BaseTest@66746f57]" started-at="2025-07-30T12:21:34 IST" name="validateLoanAmountCalculatorUI" finished-at="2025-07-30T12:21:36 IST" duration-ms="1444" status="PASS">
          <reporter-output>
          </reporter-output>
        </test-method> <!-- validateLoanAmountCalculatorUI -->
        <test-method signature="validateLoanTenureCalculatorUI()[pri:5, instance:tests.BaseTest@66746f57]" started-at="2025-07-30T12:21:36 IST" name="validateLoanTenureCalculatorUI" finished-at="2025-07-30T12:21:37 IST" duration-ms="1113" status="PASS">
          <reporter-output>
          </reporter-output>
        </test-method> <!-- validateLoanTenureCalculatorUI -->
        <test-method is-config="true" signature="tearDown()[pri:0, instance:tests.BaseTest@66746f57]" started-at="2025-07-30T12:21:37 IST" name="tearDown" finished-at="2025-07-30T12:21:40 IST" duration-ms="3316" status="PASS">
          <reporter-output>
          </reporter-output>
        </test-method> <!-- tearDown -->
      </class> <!-- tests.BaseTest -->
    </test> <!-- CarLoanTests -->
  </suite> <!-- EMI Calculator Suite -->
</testng-results>
