<?xml version="1.0" encoding="UTF-8"?>
<!-- Generated by org.testng.reporters.JUnitXMLReporter -->
<testsuite ignored="0" hostname="LTIN447413" failures="0" tests="5" name="CarLoanTests" time="95.846" errors="0" timestamp="2025-07-30T16:13:34 IST">
  <testcase classname="tests.BaseTest" name="validateCarLoanEMI" time="2.303"/>
  <testcase classname="tests.BaseTest" name="extractEMIDataToExcel" time="66.597"/>
  <testcase classname="tests.BaseTest" name="validateEMICalculatorUI" time="6.398"/>
  <testcase classname="tests.BaseTest" name="validateLoanAmountCalculatorUI" time="1.939"/>
  <testcase classname="tests.BaseTest" name="validateLoanTenureCalculatorUI" time="1.525"/>
</testsuite> <!-- CarLoanTests -->
