<?xml version="1.0" encoding="UTF-8"?>
<!-- Generated by org.testng.reporters.JUnitReportReporter -->
<testsuite hostname="LTIN447413" failures="0" tests="5" name="tests.BaseTest" time="63.371" errors="0" timestamp="2025-07-30T12:21:40 IST" skipped="0">
  <testcase classname="tests.BaseTest" name="validateCarLoanEMI" time="0.885"/>
  <testcase classname="tests.BaseTest" name="extractEMIDataToExcel" time="54.522"/>
  <testcase classname="tests.BaseTest" name="validateEMICalculatorUI" time="5.407"/>
  <testcase classname="tests.BaseTest" name="validateLoanAmountCalculatorUI" time="1.444"/>
  <testcase classname="tests.BaseTest" name="validateLoanTenureCalculatorUI" time="1.113"/>
</testsuite> <!-- tests.BaseTest -->
