<?xml version="1.0" encoding="UTF-8"?>
<!-- Generated by org.testng.reporters.JUnitReportReporter -->
<testsuite hostname="LTIN447413" failures="0" tests="3" name="tests.LoanCalculatorTest" time="15.002" errors="0" timestamp="2025-07-30T10:23:51 IST" skipped="0">
  <testcase classname="tests.LoanCalculatorTest" name="validateEMICalculatorUI" time="11.359"/>
  <testcase classname="tests.LoanCalculatorTest" name="validateLoanAmountCalculatorUI" time="2.572"/>
  <testcase classname="tests.LoanCalculatorTest" name="validateLoanTenureCalculatorUI" time="1.071"/>
</testsuite> <!-- tests.LoanCalculatorTest -->
