<?xml version="1.0" encoding="UTF-8"?>
<!-- Generated by org.testng.reporters.JUnitReportReporter -->
<testsuite hostname="LTIN447413" failures="0" tests="3" name="tests.LoanCalculatorTest" time="18.459" errors="0" timestamp="2025-07-30T03:27:18 IST" skipped="0">
  <testcase classname="tests.LoanCalculatorTest" name="validateEMICalculatorUI" time="15.017"/>
  <testcase classname="tests.LoanCalculatorTest" name="validateLoanAmountCalculatorUI" time="2.152"/>
  <testcase classname="tests.LoanCalculatorTest" name="validateLoanTenureCalculatorUI" time="1.290"/>
</testsuite> <!-- tests.LoanCalculatorTest -->
