<?xml version="1.0" encoding="UTF-8"?>
<!-- Generated by org.testng.reporters.JUnitReportReporter -->
<testsuite hostname="LTIN447413" failures="0" tests="5" name="tests.BaseTest" time="78.762" errors="0" timestamp="2025-07-30T16:13:34 IST" skipped="0">
  <testcase classname="tests.BaseTest" name="validateCarLoanEMI" time="2.303"/>
  <testcase classname="tests.BaseTest" name="extractEMIDataToExcel" time="66.597"/>
  <testcase classname="tests.BaseTest" name="validateEMICalculatorUI" time="6.398"/>
  <testcase classname="tests.BaseTest" name="validateLoanAmountCalculatorUI" time="1.939"/>
  <testcase classname="tests.BaseTest" name="validateLoanTenureCalculatorUI" time="1.525"/>
</testsuite> <!-- tests.BaseTest -->
