<?xml version="1.0" encoding="UTF-8"?>
<!-- Generated by org.testng.reporters.JUnitReportReporter -->
<testsuite hostname="LTIN447413" failures="0" tests="3" name="tests.EMICalculatorTestUI" time="10.514" errors="0" timestamp="2025-07-30T00:55:48 IST" skipped="0">
  <testcase classname="tests.EMICalculatorTestUI" name="validateEMICalculatorUI" time="6.927"/>
  <testcase classname="tests.EMICalculatorTestUI" name="validateLoanAmountCalculatorUI" time="2.129"/>
  <testcase classname="tests.EMICalculatorTestUI" name="validateLoanTenureCalculatorUI" time="1.458"/>
</testsuite> <!-- tests.EMICalculatorTestUI -->
